ApplicationService 07-04-2023 18:32:51.534 [background-preinit] INFO  org.hibernate.validator.internal.util.Version.<clinit> - HV000001: Hibernate Validator 8.0.0.Final
ApplicationService 07-04-2023 18:32:51.550 [restartedMain] INFO  com.andriibashuk.applicationservice.ApplicationServiceApplication.logStarting - Starting ApplicationServiceApplication using Java 20 with PID 443412 (/home/andrew/Desktop/Lessons/bank_microservices/ApplicationService/target/classes started by andrew in /home/andrew/Desktop/Lessons/bank_microservices/ConfigServer)
ApplicationService 07-04-2023 18:32:51.553 [restartedMain] INFO  com.andriibashuk.applicationservice.ApplicationServiceApplication.logStartupProfileInfo - No active profile set, falling back to 1 default profile: "default"
ApplicationService 07-04-2023 18:32:51.571 [restartedMain] INFO  org.springframework.cloud.config.client.ConfigServerConfigDataLoader.logTo - Fetching config from server at : http://localhost:8080
ApplicationService 07-04-2023 18:32:51.572 [restartedMain] INFO  org.springframework.cloud.config.client.ConfigServerConfigDataLoader.logTo - Located environment: name=ApplicationService, profiles=[default], label=null, version=3f002eaf8b5d6a1c7c6dedf0cab272f0618c99d2, state=null
ApplicationService 07-04-2023 18:32:51.573 [restartedMain] INFO  org.springframework.boot.devtools.env.DevToolsPropertyDefaultsPostProcessor.logTo - Devtools property defaults active! Set 'spring.devtools.add-properties' to 'false' to disable
ApplicationService 07-04-2023 18:32:51.573 [restartedMain] INFO  org.springframework.boot.devtools.env.DevToolsPropertyDefaultsPostProcessor.logTo - For additional web related logging consider setting the 'logging.level.web' property to 'DEBUG'
ApplicationService 07-04-2023 18:32:52.049 [restartedMain] INFO  org.springframework.data.repository.config.RepositoryConfigurationDelegate.registerRepositoriesIn - Bootstrapping Spring Data JPA repositories in DEFAULT mode.
ApplicationService 07-04-2023 18:32:52.061 [restartedMain] INFO  org.springframework.data.repository.config.RepositoryConfigurationDelegate.registerRepositoriesIn - Finished Spring Data repository scanning in 8 ms. Found 0 JPA repository interfaces.
ApplicationService 07-04-2023 18:32:52.230 [restartedMain] INFO  org.springframework.cloud.context.scope.GenericScope.setSerializationId - BeanFactory id=99329e6c-3e6a-34bf-bb0b-fd3f88702636
ApplicationService 07-04-2023 18:32:52.704 [restartedMain] INFO  org.springframework.boot.web.embedded.tomcat.TomcatWebServer.initialize - Tomcat initialized with port(s): 8082 (http)
ApplicationService 07-04-2023 18:32:52.710 [restartedMain] INFO  org.apache.coyote.http11.Http11NioProtocol.log - Initializing ProtocolHandler ["http-nio-8082"]
ApplicationService 07-04-2023 18:32:52.710 [restartedMain] INFO  org.apache.catalina.core.StandardService.log - Starting service [Tomcat]
ApplicationService 07-04-2023 18:32:52.711 [restartedMain] INFO  org.apache.catalina.core.StandardEngine.log - Starting Servlet engine: [Apache Tomcat/10.1.7]
ApplicationService 07-04-2023 18:32:52.737 [restartedMain] INFO  org.apache.catalina.core.ContainerBase.[Tomcat].[localhost].[/].log - Initializing Spring embedded WebApplicationContext
ApplicationService 07-04-2023 18:32:52.738 [restartedMain] INFO  org.springframework.boot.web.servlet.context.ServletWebServerApplicationContext.prepareWebApplicationContext - Root WebApplicationContext: initialization completed in 1164 ms
ApplicationService 07-04-2023 18:32:53.112 [restartedMain] INFO  org.hibernate.jpa.internal.util.LogHelper.logPersistenceUnitInformation - HHH000204: Processing PersistenceUnitInfo [name: default]
ApplicationService 07-04-2023 18:32:53.134 [restartedMain] INFO  org.hibernate.Version.logVersion - HHH000412: Hibernate ORM core version 6.1.7.Final
ApplicationService 07-04-2023 18:32:53.253 [restartedMain] INFO  com.zaxxer.hikari.HikariDataSource.getConnection - HikariPool-1 - Starting...
ApplicationService 07-04-2023 18:32:53.408 [restartedMain] INFO  com.zaxxer.hikari.pool.HikariPool.checkFailFast - HikariPool-1 - Added connection com.mysql.cj.jdbc.ConnectionImpl@6659c121
ApplicationService 07-04-2023 18:32:53.409 [restartedMain] INFO  com.zaxxer.hikari.HikariDataSource.getConnection - HikariPool-1 - Start completed.
ApplicationService 07-04-2023 18:32:53.434 [restartedMain] INFO  SQL dialect.logSelectedDialect - HHH000400: Using dialect: org.hibernate.dialect.MySQLDialect
ApplicationService 07-04-2023 18:32:53.578 [restartedMain] INFO  org.hibernate.engine.transaction.jta.platform.internal.JtaPlatformInitiator.initiateService - HHH000490: Using JtaPlatform implementation: [org.hibernate.engine.transaction.jta.platform.internal.NoJtaPlatform]
ApplicationService 07-04-2023 18:32:53.585 [restartedMain] INFO  org.springframework.orm.jpa.LocalContainerEntityManagerFactoryBean.buildNativeEntityManagerFactory - Initialized JPA EntityManagerFactory for persistence unit 'default'
ApplicationService 07-04-2023 18:32:53.661 [restartedMain] WARN  org.springframework.boot.autoconfigure.orm.jpa.JpaBaseConfiguration$JpaWebConfiguration.openEntityManagerInViewInterceptor - spring.jpa.open-in-view is enabled by default. Therefore, database queries may be performed during view rendering. Explicitly configure spring.jpa.open-in-view to disable this warning
ApplicationService 07-04-2023 18:32:53.691 [restartedMain] WARN  org.springframework.boot.autoconfigure.security.servlet.UserDetailsServiceAutoConfiguration.getOrDeducePassword - 

Using generated security password: e6603e2c-1faa-462c-81a1-edc25a041be5

This generated password is for development use only. Your security configuration must be updated before running your application in production.

ApplicationService 07-04-2023 18:32:53.760 [restartedMain] INFO  org.springframework.security.web.DefaultSecurityFilterChain.<init> - Will secure any request with [org.springframework.security.web.session.DisableEncodeUrlFilter@6ef40c98, org.springframework.security.web.context.request.async.WebAsyncManagerIntegrationFilter@175dacc3, org.springframework.security.web.context.SecurityContextHolderFilter@126fae99, org.springframework.security.web.header.HeaderWriterFilter@4242a48f, org.springframework.security.web.csrf.CsrfFilter@55a5e05e, org.springframework.security.web.authentication.logout.LogoutFilter@403f288d, com.andriibashuk.applicationservice.security.ClientHeadersAuthenticationFilter@5a2ab2b4, org.springframework.security.web.savedrequest.RequestCacheAwareFilter@31529970, org.springframework.security.web.servletapi.SecurityContextHolderAwareRequestFilter@73500942, org.springframework.security.web.authentication.AnonymousAuthenticationFilter@58b5008, org.springframework.security.web.session.SessionManagementFilter@d187788, org.springframework.security.web.access.ExceptionTranslationFilter@7cd43d42, org.springframework.security.web.access.intercept.AuthorizationFilter@1d2b7ba5]
ApplicationService 07-04-2023 18:32:54.499 [restartedMain] WARN  org.springframework.boot.devtools.autoconfigure.OptionalLiveReloadServer.startServer - Unable to start LiveReload server
ApplicationService 07-04-2023 18:32:54.603 [restartedMain] INFO  org.springframework.cloud.netflix.eureka.config.DiscoveryClientOptionalArgsConfiguration.restTemplateDiscoveryClientOptionalArgs - Eureka HTTP Client uses RestTemplate.
ApplicationService 07-04-2023 18:32:54.652 [restartedMain] WARN  org.springframework.cloud.loadbalancer.config.LoadBalancerCacheAutoConfiguration$LoadBalancerCaffeineWarnLogger.afterPropertiesSet - Spring Cloud LoadBalancer is currently working with the default cache. While this cache implementation is useful for development and tests, it's recommended to use Caffeine cache in production.You can switch to using Caffeine cache, by adding it and org.springframework.cache.caffeine.CaffeineCacheManager to the classpath.
ApplicationService 07-04-2023 18:32:54.660 [restartedMain] INFO  org.springframework.boot.actuate.endpoint.web.EndpointLinksResolver.<init> - Exposing 1 endpoint(s) beneath base path '/actuator'
ApplicationService 07-04-2023 18:32:54.714 [restartedMain] INFO  org.springframework.cloud.netflix.eureka.InstanceInfoFactory.create - Setting initial instance status as: STARTING
ApplicationService 07-04-2023 18:32:54.732 [restartedMain] INFO  com.netflix.discovery.DiscoveryClient.<init> - Initializing Eureka in region us-east-1
ApplicationService 07-04-2023 18:32:54.735 [restartedMain] INFO  com.netflix.discovery.shared.resolver.aws.ConfigClusterResolver.getClusterEndpoints - Resolving eureka endpoints via configuration
ApplicationService 07-04-2023 18:32:54.746 [restartedMain] INFO  com.netflix.discovery.DiscoveryClient.fetchRegistry - Disable delta property : false
ApplicationService 07-04-2023 18:32:54.747 [restartedMain] INFO  com.netflix.discovery.DiscoveryClient.fetchRegistry - Single vip registry refresh property : null
ApplicationService 07-04-2023 18:32:54.747 [restartedMain] INFO  com.netflix.discovery.DiscoveryClient.fetchRegistry - Force full registry fetch : false
ApplicationService 07-04-2023 18:32:54.747 [restartedMain] INFO  com.netflix.discovery.DiscoveryClient.fetchRegistry - Application is null : false
ApplicationService 07-04-2023 18:32:54.747 [restartedMain] INFO  com.netflix.discovery.DiscoveryClient.fetchRegistry - Registered Applications size is zero : true
ApplicationService 07-04-2023 18:32:54.748 [restartedMain] INFO  com.netflix.discovery.DiscoveryClient.fetchRegistry - Application version is -1: true
ApplicationService 07-04-2023 18:32:54.748 [restartedMain] INFO  com.netflix.discovery.DiscoveryClient.getAndStoreFullRegistry - Getting all instance registry info from the eureka server
ApplicationService 07-04-2023 18:32:54.802 [restartedMain] INFO  com.netflix.discovery.DiscoveryClient.getAndStoreFullRegistry - The response status is 200
ApplicationService 07-04-2023 18:32:54.804 [restartedMain] INFO  com.netflix.discovery.DiscoveryClient.initScheduledTasks - Starting heartbeat executor: renew interval is: 30
ApplicationService 07-04-2023 18:32:54.806 [restartedMain] INFO  com.netflix.discovery.InstanceInfoReplicator.<init> - InstanceInfoReplicator onDemand update allowed rate per min is 4
ApplicationService 07-04-2023 18:32:54.808 [restartedMain] INFO  com.netflix.discovery.DiscoveryClient.<init> - Discovery Client initialized at timestamp 1680881574808 with initial instances count: 4
ApplicationService 07-04-2023 18:32:54.815 [restartedMain] INFO  org.springframework.cloud.netflix.eureka.serviceregistry.EurekaServiceRegistry.register - Registering application APPLICATIONSERVICE with eureka with status UP
ApplicationService 07-04-2023 18:32:54.815 [restartedMain] INFO  com.netflix.discovery.DiscoveryClient.notify - Saw local status change event StatusChangeEvent [timestamp=1680881574815, current=UP, previous=STARTING]
ApplicationService 07-04-2023 18:32:54.816 [DiscoveryClient-InstanceInfoReplicator-0] INFO  com.netflix.discovery.DiscoveryClient.register - DiscoveryClient_APPLICATIONSERVICE/192.168.88.206:ApplicationService:8082: registering service...
ApplicationService 07-04-2023 18:32:54.817 [restartedMain] INFO  org.apache.coyote.http11.Http11NioProtocol.log - Starting ProtocolHandler ["http-nio-8082"]
ApplicationService 07-04-2023 18:32:54.824 [restartedMain] INFO  org.springframework.boot.web.embedded.tomcat.TomcatWebServer.start - Tomcat started on port(s): 8082 (http) with context path ''
ApplicationService 07-04-2023 18:32:54.825 [restartedMain] INFO  org.springframework.cloud.netflix.eureka.serviceregistry.EurekaAutoServiceRegistration.onApplicationEvent - Updating port to 8082
ApplicationService 07-04-2023 18:32:54.835 [DiscoveryClient-InstanceInfoReplicator-0] INFO  com.netflix.discovery.DiscoveryClient.register - DiscoveryClient_APPLICATIONSERVICE/192.168.88.206:ApplicationService:8082 - registration status: 204
ApplicationService 07-04-2023 18:32:54.910 [restartedMain] INFO  com.andriibashuk.applicationservice.ApplicationServiceApplication.logStarted - Started ApplicationServiceApplication in 4.431 seconds (process running for 5.115)
ApplicationService 07-04-2023 18:32:55.182 [RMI TCP Connection(3)-127.0.0.1] INFO  org.apache.catalina.core.ContainerBase.[Tomcat].[localhost].[/].log - Initializing Spring DispatcherServlet 'dispatcherServlet'
ApplicationService 07-04-2023 18:32:55.182 [RMI TCP Connection(3)-127.0.0.1] INFO  org.springframework.web.servlet.DispatcherServlet.initServletBean - Initializing Servlet 'dispatcherServlet'
ApplicationService 07-04-2023 18:32:55.184 [RMI TCP Connection(3)-127.0.0.1] INFO  org.springframework.web.servlet.DispatcherServlet.initServletBean - Completed initialization in 1 ms
ApplicationService 07-04-2023 18:32:57.536 [http-nio-8082-exec-1] INFO  com.andriibashuk.applicationservice.controller.client.ClientApplicationController.hi - HI MEN!
ApplicationService 07-04-2023 18:35:14.573 [SpringApplicationShutdownHook] INFO  org.springframework.cloud.netflix.eureka.serviceregistry.EurekaServiceRegistry.deregister - Unregistering application APPLICATIONSERVICE with eureka with status DOWN
ApplicationService 07-04-2023 18:35:14.573 [SpringApplicationShutdownHook] INFO  com.netflix.discovery.DiscoveryClient.notify - Saw local status change event StatusChangeEvent [timestamp=1680881714573, current=DOWN, previous=UP]
ApplicationService 07-04-2023 18:35:14.574 [DiscoveryClient-InstanceInfoReplicator-0] INFO  com.netflix.discovery.DiscoveryClient.register - DiscoveryClient_APPLICATIONSERVICE/192.168.88.206:ApplicationService:8082: registering service...
ApplicationService 07-04-2023 18:35:14.578 [DiscoveryClient-InstanceInfoReplicator-0] INFO  com.netflix.discovery.DiscoveryClient.register - DiscoveryClient_APPLICATIONSERVICE/192.168.88.206:ApplicationService:8082 - registration status: 204
ApplicationService 07-04-2023 18:35:15.587 [SpringApplicationShutdownHook] INFO  org.springframework.orm.jpa.LocalContainerEntityManagerFactoryBean.destroy - Closing JPA EntityManagerFactory for persistence unit 'default'
ApplicationService 07-04-2023 18:35:15.590 [SpringApplicationShutdownHook] INFO  com.zaxxer.hikari.HikariDataSource.close - HikariPool-1 - Shutdown initiated...
ApplicationService 07-04-2023 18:35:15.593 [SpringApplicationShutdownHook] INFO  com.zaxxer.hikari.HikariDataSource.close - HikariPool-1 - Shutdown completed.
ApplicationService 07-04-2023 18:35:15.595 [SpringApplicationShutdownHook] INFO  com.netflix.discovery.DiscoveryClient.shutdown - Shutting down DiscoveryClient ...
ApplicationService 07-04-2023 18:35:18.596 [SpringApplicationShutdownHook] INFO  com.netflix.discovery.DiscoveryClient.unregister - Unregistering ...
ApplicationService 07-04-2023 18:35:18.600 [SpringApplicationShutdownHook] INFO  com.netflix.discovery.DiscoveryClient.unregister - DiscoveryClient_APPLICATIONSERVICE/192.168.88.206:ApplicationService:8082 - deregister  status: 200
ApplicationService 07-04-2023 18:35:18.602 [SpringApplicationShutdownHook] INFO  com.netflix.discovery.DiscoveryClient.shutdown - Completed shut down of DiscoveryClient
